2021-07-28 21:37:45,181 Searching address/location : Тверская+6
2021-07-28 21:37:45,181 ===========================================
2021-07-28 21:37:45,184 Starting new HTTPS connection (1): geocode-maps.yandex.ru:443
2021-07-28 21:39:57,572 https://geocode-maps.yandex.ru:443 "GET /1.x?apikey=34447bb2-1c28-46ea-a0cf-fdfa2771bd7e&geocode=%D0%A2%D0%B2%D0%B5%D1%80%D1%81%D0%BA%D0%B0%D1%8F%2B6&format=json&lang=en_US HTTP/1.1" 200 None
2021-07-28 21:39:57,578 ---------------------------------
2021-07-28 21:39:57,578 kind : house
2021-07-28 21:39:57,578 address : Russia, Saint Petersburg, Tverskaya Street, 6
2021-07-28 21:39:57,578 Longtitude Latitude : 30.379828 59.947189
2021-07-28 21:39:57,578 Distance : 632.2295385316474
2021-07-28 21:39:57,578 ----------------------------------
2021-07-28 21:39:57,578 ---------------------------------
2021-07-28 21:39:57,579 kind : house
2021-07-28 21:39:57,579 address : Kyrgyzstan, Bishkek, Tverskaya ulitsa, 6
2021-07-28 21:39:57,579 Longtitude Latitude : 74.548293 42.879834
2021-07-28 21:39:57,579 Distance : 2986.595862328117
2021-07-28 21:39:57,579 ----------------------------------
2021-07-28 21:39:57,579 ---------------------------------
2021-07-28 21:39:57,579 kind : house
2021-07-28 21:39:57,579 address : Russia, St. Petersburg, Kolpino, Tverskaya street, 6
2021-07-28 21:39:57,579 Longtitude Latitude : 30.610767 59.745948
2021-07-28 21:39:57,579 Distance : 607.3955868450089
2021-07-28 21:39:57,579 ----------------------------------
2021-07-28 21:39:57,579 ---------------------------------
2021-07-28 21:39:57,580 kind : house
2021-07-28 21:39:57,580 address : Russia, Republic of Tatarstan, City of Kazan, Tverskaya ulitsa, 6
2021-07-28 21:39:57,580 Longtitude Latitude : 49.080974 55.825492
2021-07-28 21:39:57,580 Distance : 715.8841935400662
2021-07-28 21:39:57,580 ----------------------------------
2021-07-28 21:39:57,580 ---------------------------------
2021-07-28 21:39:57,580 kind : house
2021-07-28 21:39:57,580 address : Russia, Chechen Republic, Grozny, Tverskaya ulitsa, 6
2021-07-28 21:39:57,580 Longtitude Latitude : 45.698269 43.356547
2021-07-28 21:39:57,580 Distance : 1494.5031958011107
2021-07-28 21:39:57,580 ----------------------------------
2021-07-28 21:39:57,580 ---------------------------------
2021-07-28 21:39:57,580 kind : house
2021-07-28 21:39:57,580 address : Ukraine, Dnipro, Tverska vulytsia, 6
2021-07-28 21:39:57,580 Longtitude Latitude : 35.08029 48.507695
2021-07-28 21:39:57,580 Distance : 824.2023703405498
2021-07-28 21:39:57,581 ----------------------------------
2021-07-28 21:39:57,584 127.0.0.1 - - [28/Jul/2021 21:39:57] "POST /geocode/calculate HTTP/1.1" 200 -
2021-07-28 21:41:45,631  * Detected change in '/home/anzoid/kerjaan/Nero.net/moscow_ringroad/Geocode/geocode.py', reloading
